[35m[1mScanning dependencies of target publisher_subscriber[0m
[  0%] Built target std_msgs_generate_messages_cpp
[  0%] Built target std_msgs_generate_messages_py
[  0%] Built target std_msgs_generate_messages_nodejs
[ 11%] Built target turtle_circle_publisher
[ 17%] [32mBuilding CXX object CMakeFiles/publisher_subscriber.dir/src/publisher_subscriber.cpp.o[0m
[ 29%] Built target turtle_pose_subscriber
[ 29%] Built target std_msgs_generate_messages_lisp
[ 29%] Built target std_msgs_generate_messages_eus
[ 29%] Built target _rostopic_examples_generate_messages_check_deps_Person
[ 35%] Built target rostopic_examples_generate_messages_cpp
[ 41%] Built target rostopic_examples_generate_messages_lisp
[ 52%] Built target rostopic_examples_generate_messages_eus
[ 64%] Built target rostopic_examples_generate_messages_py
[ 70%] Built target rostopic_examples_generate_messages_nodejs
[ 70%] Built target rostopic_examples_generate_messages
[ 82%] Built target own_message_subscriber
[ 94%] Built target own_message_publisher
[01m[K/home/yao/ros_tutorials/src/rostopic_examples/src/publisher_subscriber.cpp:[m[K In function '[01m[Kint main(int, char**)[m[K':
[01m[K/home/yao/ros_tutorials/src/rostopic_examples/src/publisher_subscriber.cpp:11:25:[m[K [01;31m[Kerror: [m[K'[01m[Kros::Subscriber Publisher_Subscriber::vel_sub[m[K' is private
         ros::Subscriber vel_sub;
[01;32m[K                         ^[m[K
[01m[K/home/yao/ros_tutorials/src/rostopic_examples/src/publisher_subscriber.cpp:47:17:[m[K [01;31m[Kerror: [m[Kwithin this context
         pub_sub.vel_sub
[01;32m[K                 ^[m[K
[01m[K/home/yao/ros_tutorials/src/rostopic_examples/src/publisher_subscriber.cpp:48:9:[m[K [01;31m[Kerror: [m[Kexpected '[01m[K;[m[K' before '[01m[Kros[m[K'
         ros::spinOnce();
[01;32m[K         ^[m[K
CMakeFiles/publisher_subscriber.dir/build.make:62: recipe for target 'CMakeFiles/publisher_subscriber.dir/src/publisher_subscriber.cpp.o' failed
make[2]: *** [CMakeFiles/publisher_subscriber.dir/src/publisher_subscriber.cpp.o] Error 1
make[1]: *** [CMakeFiles/publisher_subscriber.dir/all] Error 2
CMakeFiles/Makefile2:369: recipe for target 'CMakeFiles/publisher_subscriber.dir/all' failed
Makefile:138: recipe for target 'all' failed
make: *** [all] Error 2
